#
# There is insufficient memory for the Java Runtime Environment to continue.
# Native memory allocation (malloc) failed to allocate 741568 bytes for Chunk::new
# Possible reasons:
#   The system is out of physical RAM or swap space
#   In 32 bit mode, the process size limit was hit
# Possible solutions:
#   Reduce memory load on the system
#   Increase physical memory or swap space
#   Check if swap backing store is full
#   Use 64 bit Java on a 64 bit OS
#   Decrease Java heap size (-Xmx/-Xms)
#   Decrease number of Java threads
#   Decrease Java thread stack sizes (-Xss)
#   Set larger code cache with -XX:ReservedCodeCacheSize=
# This output file may be truncated or incomplete.
#
#  Out of Memory Error (allocation.cpp:390), pid=12124, tid=1548
#
# JRE version: Java(TM) SE Runtime Environment (8.0_60-b27) (build 1.8.0_60-b27)
# Java VM: Java HotSpot(TM) 64-Bit Server VM (25.60-b23 mixed mode windows-amd64 compressed oops)
# Failed to write core dump. Minidumps are not enabled by default on client versions of Windows
#

---------------  T H R E A D  ---------------

Current thread (0x000000001557d800):  JavaThread "C2 CompilerThread1" daemon [_thread_in_native, id=1548, stack(0x0000000016cd0000,0x0000000016dd0000)]

Stack: [0x0000000016cd0000,0x0000000016dd0000]
[error occurred during error reporting (printing stack bounds), id 0xc0000005]

Native frames: (J=compiled Java code, j=interpreted, Vv=VM code, C=native code)


Current CompileTask:
C2:   2692 1649       4       com.android.dx.dex.code.OutputFinisher::addConstants (93 bytes)


---------------  P R O C E S S  ---------------

Java Threads: ( => current thread )
  0x0000000016f08800 JavaThread "Service Thread" daemon [_thread_blocked, id=12992, stack(0x00000000172d0000,0x00000000173d0000)]
  0x0000000015590800 JavaThread "C1 CompilerThread2" daemon [_thread_blocked, id=15844, stack(0x0000000016dd0000,0x0000000016ed0000)]
=>0x000000001557d800 JavaThread "C2 CompilerThread1" daemon [_thread_in_native, id=1548, stack(0x0000000016cd0000,0x0000000016dd0000)]
  0x000000001557b800 JavaThread "C2 CompilerThread0" daemon [_thread_blocked, id=7588, stack(0x0000000016bd0000,0x0000000016cd0000)]
  0x0000000015579000 JavaThread "Attach Listener" daemon [_thread_blocked, id=3972, stack(0x0000000016ad0000,0x0000000016bd0000)]
  0x0000000015578000 JavaThread "Signal Dispatcher" daemon [_thread_blocked, id=684, stack(0x00000000169d0000,0x0000000016ad0000)]
  0x0000000015549800 JavaThread "Finalizer" daemon [_thread_blocked, id=14488, stack(0x00000000167f0000,0x00000000168f0000)]
  0x0000000002ea0800 JavaThread "Reference Handler" daemon [_thread_blocked, id=5452, stack(0x00000000166f0000,0x00000000167f0000)]
  0x000000000155e000 JavaThread "main" [_thread_in_native, id=6496, stack(0x0000000002cb0000,0x0000000002db0000)]

Other Threads:
  0x0000000015548000 VMThread [stack: 0x00000000165f0000,0x00000000166f0000] [id=16832]
  0x0000000016f1d000 WatcherThread [stack: 0x00000000173d0000,0x00000000174d0000] [id=16316]

VM state:not at safepoint (normal execution)

VM Mutex/Monitor currently owned by a thread: None

Heap:
 PSYoungGen      total 35328K, used 21880K [0x00000000eab00000, 0x00000000ed000000, 0x0000000100000000)
  eden space 32768K, 59% used [0x00000000eab00000,0x00000000ebde43c8,0x00000000ecb00000)
  from space 2560K, 99% used [0x00000000ecd80000,0x00000000ecff9e68,0x00000000ed000000)
  to   space 2560K, 0% used [0x00000000ecb00000,0x00000000ecb00000,0x00000000ecd80000)
 ParOldGen       total 44032K, used 5435K [0x00000000c0000000, 0x00000000c2b00000, 0x00000000eab00000)
  object space 44032K, 12% used [0x00000000c0000000,0x00000000c054ec70,0x00000000c2b00000)
 Metaspace       used 7049K, capacity 7608K, committed 7936K, reserved 1056768K
  class space    used 674K, capacity 688K, committed 768K, reserved 1048576K

Card table byte_map: [0x0000000012270000,0x0000000012480000] byte_map_base: 0x0000000011c70000

Marking Bits: (ParMarkBitMap*) 0x000000006bb3a5b0
 Begin Bits: [0x00000000129e0000, 0x00000000139e0000)
 End Bits:   [0x00000000139e0000, 0x00000000149e0000)

Polling page: 0x00000000014c0000

CodeCache: size=245760Kb used=7710Kb max_used=7710Kb free=238049Kb
 bounds [0x0000000002eb0000, 0x0000000003640000, 0x0000000011eb0000]
 total_blobs=2270 nmethods=1991 adapters=191
 compilation: enabled

Compilation events (10 events):
Event: 2.680 Thread 0x0000000015590800 1996       3       java.io.DataInputStream::readFully (63 bytes)
Event: 2.680 Thread 0x0000000015590800 nmethod 1996 0x000000000363a990 code [0x000000000363ab40, 0x000000000363afe8]
Event: 2.680 Thread 0x0000000015590800 1993  s    3       java.io.BufferedInputStream::read (113 bytes)
Event: 2.681 Thread 0x0000000015590800 nmethod 1993 0x000000000363b210 code [0x000000000363b400, 0x000000000363bd98]
Event: 2.681 Thread 0x0000000015590800 1997       3       java.io.DataInputStream::readShort (40 bytes)
Event: 2.681 Thread 0x0000000015590800 nmethod 1997 0x000000000363c190 code [0x000000000363c320, 0x000000000363c6c8]
Event: 2.681 Thread 0x0000000015590800 1994       3       java.io.DataInputStream::readUTF (5 bytes)
Event: 2.681 Thread 0x0000000015590800 nmethod 1994 0x00000000036314d0 code [0x0000000003631640, 0x00000000036317c8]
Event: 2.681 Thread 0x0000000015590800 1995       3       java.io.BufferedInputStream::read1 (108 bytes)
Event: 2.682 Thread 0x0000000015590800 nmethod 1995 0x000000000363c810 code [0x000000000363ca20, 0x000000000363d358]

GC Heap History (4 events):
Event: 0.939 GC heap before
{Heap before GC invocations=1 (full 0):
 PSYoungGen      total 18944K, used 16384K [0x00000000eab00000, 0x00000000ec000000, 0x0000000100000000)
  eden space 16384K, 100% used [0x00000000eab00000,0x00000000ebb00000,0x00000000ebb00000)
  from space 2560K, 0% used [0x00000000ebd80000,0x00000000ebd80000,0x00000000ec000000)
  to   space 2560K, 0% used [0x00000000ebb00000,0x00000000ebb00000,0x00000000ebd80000)
 ParOldGen       total 44032K, used 0K [0x00000000c0000000, 0x00000000c2b00000, 0x00000000eab00000)
  object space 44032K, 0% used [0x00000000c0000000,0x00000000c0000000,0x00000000c2b00000)
 Metaspace       used 5563K, capacity 6704K, committed 6784K, reserved 1056768K
  class space    used 579K, capacity 616K, committed 640K, reserved 1048576K
Event: 0.955 GC heap after
Heap after GC invocations=1 (full 0):
 PSYoungGen      total 18944K, used 2549K [0x00000000eab00000, 0x00000000ed000000, 0x0000000100000000)
  eden space 16384K, 0% used [0x00000000eab00000,0x00000000eab00000,0x00000000ebb00000)
  from space 2560K, 99% used [0x00000000ebb00000,0x00000000ebd7d658,0x00000000ebd80000)
  to   space 2560K, 0% used [0x00000000ecd80000,0x00000000ecd80000,0x00000000ed000000)
 ParOldGen       total 44032K, used 2317K [0x00000000c0000000, 0x00000000c2b00000, 0x00000000eab00000)
  object space 44032K, 5% used [0x00000000c0000000,0x00000000c0243690,0x00000000c2b00000)
 Metaspace       used 5563K, capacity 6704K, committed 6784K, reserved 1056768K
  class space    used 579K, capacity 616K, committed 640K, reserved 1048576K
}
Event: 1.427 GC heap before
{Heap before GC invocations=2 (full 0):
 PSYoungGen      total 18944K, used 18933K [0x00000000eab00000, 0x00000000ed000000, 0x0000000100000000)
  eden space 16384K, 100% used [0x00000000eab00000,0x00000000ebb00000,0x00000000ebb00000)
  from space 2560K, 99% used [0x00000000ebb00000,0x00000000ebd7d658,0x00000000ebd80000)
  to   space 2560K, 0% used [0x00000000ecd80000,0x00000000ecd80000,0x00000000ed000000)
 ParOldGen       total 44032K, used 2317K [0x00000000c0000000, 0x00000000c2b00000, 0x00000000eab00000)
  object space 44032K, 5% used [0x00000000c0000000,0x00000000c0243690,0x00000000c2b00000)
 Metaspace       used 5872K, capacity 6960K, committed 7040K, reserved 1056768K
  class space    used 580K, capacity 616K, committed 640K, reserved 1048576K
Event: 1.440 GC heap after
Heap after GC invocations=2 (full 0):
 PSYoungGen      total 35328K, used 2535K [0x00000000eab00000, 0x00000000ed000000, 0x0000000100000000)
  eden space 32768K, 0% used [0x00000000eab00000,0x00000000eab00000,0x00000000ecb00000)
  from space 2560K, 99% used [0x00000000ecd80000,0x00000000ecff9e68,0x00000000ed000000)
  to   space 2560K, 0% used [0x00000000ecb00000,0x00000000ecb00000,0x00000000ecd80000)
 ParOldGen       total 44032K, used 5435K [0x00000000c0000000, 0x00000000c2b00000, 0x00000000eab00000)
  object space 44032K, 12% used [0x00000000c0000000,0x00000000c054ec70,0x00000000c2b00000)
 Metaspace       used 5872K, capacity 6960K, committed 7040K, reserved 1056768K
  class space    used 580K, capacity 616K, committed 640K, reserved 1048576K
}

Deoptimization events (10 events):
Event: 2.238 Thread 0x000000000155e000 Uncommon trap: reason=unstable_if action=reinterpret pc=0x00000000035bd0f4 method=com.android.dx.util.ByteArrayAnnotatedOutput.writeByte(I)V @ 13
Event: 2.320 Thread 0x000000000155e000 Uncommon trap: reason=unstable_if action=reinterpret pc=0x000000000322a3ac method=java.util.Arrays.copyOf([Ljava/lang/Object;ILjava/lang/Class;)[Ljava/lang/Object; @ 3
Event: 2.323 Thread 0x000000000155e000 Uncommon trap: reason=speculate_class_check action=maybe_recompile pc=0x000000000352d778 method=java.util.HashMap.putVal(ILjava/lang/Object;Ljava/lang/Object;ZZ)Ljava/lang/Object; @ 56
Event: 2.323 Thread 0x000000000155e000 Uncommon trap: reason=speculate_class_check action=maybe_recompile pc=0x000000000352d7d8 method=java.util.HashMap.putVal(ILjava/lang/Object;Ljava/lang/Object;ZZ)Ljava/lang/Object; @ 152
Event: 2.323 Thread 0x000000000155e000 Uncommon trap: reason=speculate_class_check action=maybe_recompile pc=0x000000000352d778 method=java.util.HashMap.putVal(ILjava/lang/Object;Ljava/lang/Object;ZZ)Ljava/lang/Object; @ 56
Event: 2.323 Thread 0x000000000155e000 Uncommon trap: reason=speculate_class_check action=maybe_recompile pc=0x000000000352d778 method=java.util.HashMap.putVal(ILjava/lang/Object;Ljava/lang/Object;ZZ)Ljava/lang/Object; @ 56
Event: 2.323 Thread 0x000000000155e000 Uncommon trap: reason=class_check action=maybe_recompile pc=0x00000000035306e8 method=java.util.HashMap.putVal(ILjava/lang/Object;Ljava/lang/Object;ZZ)Ljava/lang/Object; @ 56
Event: 2.323 Thread 0x000000000155e000 Uncommon trap: reason=class_check action=maybe_recompile pc=0x00000000035306e8 method=java.util.HashMap.putVal(ILjava/lang/Object;Ljava/lang/Object;ZZ)Ljava/lang/Object; @ 56
Event: 2.323 Thread 0x000000000155e000 Uncommon trap: reason=class_check action=maybe_recompile pc=0x00000000035306e8 method=java.util.HashMap.putVal(ILjava/lang/Object;Ljava/lang/Object;ZZ)Ljava/lang/Object; @ 56
Event: 2.323 Thread 0x000000000155e000 Uncommon trap: reason=class_check action=maybe_recompile pc=0x00000000035306e8 method=java.util.HashMap.putVal(ILjava/lang/Object;Ljava/lang/Object;ZZ)Ljava/lang/Object; @ 56

Internal exceptions (3 events):
Event: 0.055 Thread 0x000000000155e000 Exception <a 'java/lang/NoSuchMethodError': Method sun.misc.Unsafe.defineClass(Ljava/lang/String;[BII)Ljava/lang/Class; name or signature does not match> (0x00000000eab0d708) thrown at [C:\re\workspace\8-2-build-windows-amd64-cygwin\jdk8u60\4407\hotspot\srj†WœÝ¬?
Event: 0.055 Thread 0x000000000155e000 Exception <a 'java/lang/NoSuchMethodError': Method sun.misc.Unsafe.prefetchRead(Ljava/lang/Object;J)V name or signature does not match> (0x00000000eab0d9f0) thrown at [C:\re\workspace\8-2-build-windows-amd64-cygwin\jdk8u60\4407\hotspot\src\share\vm\prims\j5÷ò™í?
Event: 0.909 Thread 0x0000000017094000 Implicit null exception at 0x00000000031a7ae2 to 0x00000000031a7be1

Events (10 events):
Event: 2.683 loading class sun/util/calendar/ZoneInfoFile$Checksum
Event: 2.683 loading class sun/util/calendar/ZoneInfoFile$Checksum done
Event: 2.683 loading class java/util/TimeZone$1
Event: 2.683 loading class java/util/TimeZone$1 done
Event: 2.683 loading class sun/util/calendar/Gregorian$Date
Event: 2.683 loading class sun/util/calendar/BaseCalendar$Date
Event: 2.683 loading class sun/util/calendar/CalendarDate
Event: 2.683 loading class sun/util/calendar/CalendarDate done
Event: 2.683 loading class sun/util/calendar/BaseCalendar$Date done
Event: 2.684 loading class sun/util/calendar/Gregorian$Date done


Dynamic libraries:
0x00007ff60ae10000 - 0x00007ff60ae47000 	C:\Program Files\Java\jdk8\bin\java.exe
0x00007ffaa89f0000 - 0x00007ffaa8bb1000 	C:\Windows\SYSTEM32\ntdll.dll
0x00007ffaa7a00000 - 0x00007ffaa7aad000 	C:\Windows\system32\KERNEL32.DLL
0x00007ffaa5e20000 - 0x00007ffaa5ffd000 	C:\Windows\system32\KERNELBASE.dll
0x00007ffaa8720000 - 0x00007ffaa87c6000 	C:\Windows\system32\ADVAPI32.dll
0x00007ffaa60c0000 - 0x00007ffaa615d000 	C:\Windows\system32\msvcrt.dll
0x00007ffaa85e0000 - 0x00007ffaa863b000 	C:\Windows\system32\sechost.dll
0x00007ffaa7ab0000 - 0x00007ffaa7bd6000 	C:\Windows\system32\RPCRT4.dll
0x00007ffaa88a0000 - 0x00007ffaa89ee000 	C:\Windows\system32\USER32.dll
0x00007ffaa7f20000 - 0x00007ffaa80a6000 	C:\Windows\system32\GDI32.dll
0x00007ffa95af0000 - 0x00007ffa95d64000 	C:\Windows\WinSxS\amd64_microsoft.windows.common-controls_6595b64144ccf1df_6.0.10240.16384_none_f41f7b285750ef43\COMCTL32.dll
0x00007ffaa87d0000 - 0x00007ffaa8806000 	C:\Windows\system32\IMM32.DLL
0x00007ffaa80b0000 - 0x00007ffaa820c000 	C:\Windows\system32\MSCTF.dll
0x000000006aeb0000 - 0x000000006af82000 	C:\Program Files\Java\jdk8\jre\bin\msvcr100.dll
0x000000006b330000 - 0x000000006bbb9000 	C:\Program Files\Java\jdk8\jre\bin\server\jvm.dll
0x00007ffaa79f0000 - 0x00007ffaa79f8000 	C:\Windows\system32\PSAPI.DLL
0x00007ffaa0ce0000 - 0x00007ffaa0ce9000 	C:\Windows\SYSTEM32\WSOCK32.dll
0x00007ffaa3200000 - 0x00007ffaa3223000 	C:\Windows\SYSTEM32\WINMM.dll
0x00007ffaa2550000 - 0x00007ffaa255a000 	C:\Windows\SYSTEM32\VERSION.dll
0x00007ffaa8810000 - 0x00007ffaa8879000 	C:\Windows\system32\WS2_32.dll
0x00007ffaa31d0000 - 0x00007ffaa31fc000 	C:\Windows\SYSTEM32\WINMMBASE.dll
0x00007ffaa7e60000 - 0x00007ffaa7e68000 	C:\Windows\system32\NSI.dll
0x00007ffaa5dd0000 - 0x00007ffaa5e14000 	C:\Windows\system32\cfgmgr32.dll
0x00007ffaa3d90000 - 0x00007ffaa3db7000 	C:\Windows\SYSTEM32\DEVOBJ.dll
0x000000006b320000 - 0x000000006b32f000 	C:\Program Files\Java\jdk8\jre\bin\verify.dll
0x000000006b2f0000 - 0x000000006b319000 	C:\Program Files\Java\jdk8\jre\bin\java.dll
0x000000006b2d0000 - 0x000000006b2e6000 	C:\Program Files\Java\jdk8\jre\bin\zip.dll
0x00007ffaa6310000 - 0x00007ffaa7832000 	C:\Windows\system32\SHELL32.dll
0x00007ffaa5690000 - 0x00007ffaa5cb9000 	C:\Windows\system32\windows.storage.dll
0x00007ffaa7be0000 - 0x00007ffaa7e5c000 	C:\Windows\system32\combase.dll
0x00007ffaa7990000 - 0x00007ffaa79e1000 	C:\Windows\system32\shlwapi.dll
0x00007ffaa5460000 - 0x00007ffaa546f000 	C:\Windows\system32\kernel.appcore.dll
0x00007ffaa6000000 - 0x00007ffaa60b3000 	C:\Windows\system32\shcore.dll
0x00007ffaa5470000 - 0x00007ffaa54ba000 	C:\Windows\system32\powrprof.dll
0x00007ffaa5420000 - 0x00007ffaa5433000 	C:\Windows\system32\profapi.dll

VM Arguments:
jvm_args: -Djava.awt.headless=true -Xmx1024M -Dfile.encoding=windows-1252 -Duser.country=US -Duser.language=en -Duser.variant 
java_command: com.android.dx.command.Main --dex --num-threads=4 --output J:\Android apps\FinalMaps\app\build\intermediates\pre-dexed\debug\debug_1dbc21e10c3e60da22a718b3ca59c8ad3dbb05b1.jar J:\Android apps\FinalMaps\app\build\intermediates\classes\debug
java_class_path (initial): J:\AndroidSdk\build-tools\23.0.2\lib\dx.jar
Launcher Type: SUN_STANDARD

Environment Variables:
JAVA_HOME=C:\Program Files\Java\jdk8
PATH=C:\ProgramData\Oracle\Java\javapath;C:\Windows\system32;C:\Windows;C:\Windows\System32\Wbem;C:\Windows\System32\WindowsPowerShell\v1.0\;C:\Program Files (x86)\ATI Technologies\ATI.ACE\Core-Static;C:\Program Files\Java\jdk8\bin;C:\Program Files (x86)\Windows Kits\8.1\Windows Performance Toolkit\;C:\Program Files\Microsoft SQL Server\110\Tools\Binn\;C:\Program Files\MySQL\MySQL Server 5.6\bin;C:\opennlp-tools-1.5.0\bin;C:\Program Files\apache-maven-3.3.3\bin;C:\Windows\system32\config\systemprofile\.dnx\bin;C:\Program Files\Microsoft DNX\Dnvm\;C:\Program Files (x86)\OpenSSH\bin;J:\New folder;J:\New folder\Scripts;J:\New folder\Library\bin;c:\users\omsairam\appdata\local\enthought\canopy\user\scripts;C:\Users\omsairam\AppData\Local\Programs\Python\Python35\Scripts\;C:\Users\omsairam\AppData\Local\Programs\Python\Python35\;C:\Users\omsairam\AppData\Local\Enthought\Canopy\User;C:\Users\omsairam\AppData\Local\Enthought\Canopy\User\Scripts;C:\texlive\2014\bin\win32;C:\Program Files (x86)\Google\google_appengine\
USERNAME=omsairam
OS=Windows_NT
PROCESSOR_IDENTIFIER=Intel64 Family 6 Model 58 Stepping 9, GenuineIntel



---------------  S Y S T E M  ---------------

OS: Windows 10.0 , 64 bit Build 10240 (10.0.10240.16384)

CPU:total 4 (2 cores per cpu, 2 threads per core) family 6 model 58 stepping 9, cmov, cx8, fxsr, mmx, sse, sse2, sse3, ssse3, sse4.1, sse4.2, popcnt, avx, aes, clmul, erms, ht, tsc, tscinvbit, tscinv

Memory: 4k page, physical 4143468k(501048k free), swap 7439804k(4932k free)

vm_info: Java HotSpot(TM) 64-Bit Server VM (25.60-b23) for windows-amd64 JRE (1.8.0_60-b27), built on Aug  4 2015 11:06:27 by "java_re" with MS VC++ 10.0 (VS2010)

time: Tue Apr 12 22:03:38 2016
elapsed time: 2 seconds (0d 0h 0m 2s)

